2022-07-19 11:15:01,088 - __main__ - INFO - Token value: Token not available!
2022-07-19 11:15:01,760 - __main__ - INFO - Weather in Berlin: 30.32
2022-07-19 10:09:58,525 - __main__ - INFO - Token value: 1234
2022-07-19 10:09:58,949 - __main__ - INFO - Weather in Berlin: 32.56
2022-07-19 12:17:50,405 - __main__ - INFO - Token value: 1234
2022-07-19 12:17:50,875 - __main__ - INFO - Weather in Berlin: 33.66
2022-07-19 14:09:00,868 - __main__ - INFO - Token value: 1234
2022-07-19 14:09:01,435 - __main__ - INFO - Weather in Berlin: 34.86
2022-07-19 16:12:16,906 - __main__ - INFO - Token value: 1234
2022-07-19 16:12:17,306 - __main__ - INFO - Weather in Berlin: 34.28
2022-07-19 18:10:53,682 - __main__ - INFO - Token value: 1234
2022-07-19 18:10:53,844 - __main__ - INFO - Weather in Berlin: 31.9
2022-07-19 20:09:35,027 - __main__ - INFO - Token value: 1234
2022-07-19 20:09:35,139 - __main__ - INFO - Weather in Berlin: 27.52
2022-07-19 22:09:04,334 - __main__ - INFO - Token value: 1234
2022-07-19 22:09:04,912 - __main__ - INFO - Weather in Berlin: 25.4
2022-07-20 00:46:12,649 - __main__ - INFO - Token value: 1234
2022-07-20 00:46:13,296 - __main__ - INFO - Weather in Berlin: 24.18
2022-07-20 03:36:18,748 - __main__ - INFO - Token value: 1234
2022-07-20 03:36:18,916 - __main__ - INFO - Weather in Berlin: 22.12
2022-07-20 04:30:43,477 - __main__ - INFO - Token value: 1234
2022-07-20 04:30:43,776 - __main__ - INFO - Weather in Berlin: 21.64
2022-07-20 06:11:40,340 - __main__ - INFO - Token value: 1234
2022-07-20 06:11:41,194 - __main__ - INFO - Weather in Berlin: 24.95
2022-07-20 08:12:25,109 - __main__ - INFO - Token value: 1234
2022-07-20 08:12:25,397 - __main__ - INFO - Weather in Berlin: 30.85
2022-07-20 10:09:27,874 - __main__ - INFO - Token value: 1234
2022-07-20 10:09:28,041 - __main__ - INFO - Weather in Berlin: 35.42
2022-07-20 12:16:14,801 - __main__ - INFO - Token value: 1234
2022-07-20 12:16:15,447 - __main__ - INFO - Weather in Berlin: 36.64
2022-07-20 14:10:42,143 - __main__ - INFO - Token value: 1234
2022-07-20 14:10:42,285 - __main__ - INFO - Weather in Berlin: 37.34
2022-07-20 16:11:32,101 - __main__ - INFO - Token value: 1234
2022-07-20 16:11:32,270 - __main__ - INFO - Weather in Berlin: 36.32
2022-07-20 18:11:08,871 - __main__ - INFO - Token value: 1234
2022-07-20 18:11:09,450 - __main__ - INFO - Weather in Berlin: 35.75
2022-07-20 20:10:07,208 - __main__ - INFO - Token value: 1234
2022-07-20 20:10:07,807 - __main__ - INFO - Weather in Berlin: 29.16
2022-07-20 22:08:32,880 - __main__ - INFO - Token value: 1234
2022-07-20 22:08:33,309 - __main__ - INFO - Weather in Berlin: 27.72
2022-07-21 00:51:04,670 - __main__ - INFO - Token value: 1234
2022-07-21 00:51:04,945 - __main__ - INFO - Weather in Berlin: 25.62
2022-07-21 03:32:21,183 - __main__ - INFO - Token value: 1234
2022-07-21 03:32:21,622 - __main__ - INFO - Weather in Berlin: 24.17
2022-07-21 04:33:49,059 - __main__ - INFO - Token value: 1234
2022-07-21 04:33:49,712 - __main__ - INFO - Weather in Berlin: 23.8
2022-07-21 06:11:40,676 - __main__ - INFO - Token value: 1234
2022-07-21 06:11:41,078 - __main__ - INFO - Weather in Berlin: 24.1
2022-07-21 08:11:51,774 - __main__ - INFO - Token value: 1234
2022-07-21 08:11:51,925 - __main__ - INFO - Weather in Berlin: 26.61
2022-07-21 10:10:48,231 - __main__ - INFO - Token value: 1234
2022-07-21 10:10:48,658 - __main__ - INFO - Weather in Berlin: 29.39
2022-07-21 12:16:51,452 - __main__ - INFO - Token value: 1234
2022-07-21 12:16:52,210 - __main__ - INFO - Weather in Berlin: 29.02
2022-07-21 14:10:13,059 - __main__ - INFO - Token value: 1234
2022-07-21 14:10:13,760 - __main__ - INFO - Weather in Berlin: 24.62
2022-07-21 16:11:48,481 - __main__ - INFO - Token value: 1234
2022-07-21 16:11:49,254 - __main__ - INFO - Weather in Berlin: 24.51
2022-07-21 18:11:19,590 - __main__ - INFO - Token value: 1234
2022-07-21 18:11:19,965 - __main__ - INFO - Weather in Berlin: 25.79
2022-07-21 20:10:30,244 - __main__ - INFO - Token value: 1234
2022-07-21 20:10:30,328 - __main__ - INFO - Weather in Berlin: 22.77
2022-07-25 00:44:39,700 - __main__ - INFO - Token value: 1234
2022-07-25 00:44:40,082 - __main__ - INFO - Weather in Berlin: 19.9
2022-08-01 00:54:12,206 - __main__ - INFO - Token value: 1234
2022-08-01 00:54:12,694 - __main__ - INFO - Weather in Berlin: 20.23
2022-08-08 00:40:42,506 - __main__ - INFO - Token value: 1234
2022-08-08 00:40:42,610 - __main__ - INFO - Weather in Berlin: 16.92
2022-08-15 00:44:48,218 - __main__ - INFO - Token value: 1234
2022-08-15 00:44:48,828 - __main__ - INFO - Weather in Berlin: 22.05
2022-08-15 12:49:33,785 - __main__ - INFO - Token value: Token not available!
2022-08-15 12:49:34,370 - __main__ - INFO - Weather in Berlin: 21.87
2022-08-15 12:50:45,230 - __main__ - INFO - Token value: Token not available!
2022-08-15 12:50:45,796 - __main__ - INFO - Weather in Berlin: 24.79
2022-08-15 12:51:27,508 - __main__ - INFO - Token value: Token not available!
2022-08-15 12:51:27,913 - __main__ - INFO - Weather in Chicago: 24.79
2022-08-15 12:51:46,311 - __main__ - INFO - Token value: Token not available!
2022-08-15 12:51:46,746 - __main__ - INFO - Weather in Chicago: 24.79
2022-08-15 12:55:08,349 - __main__ - INFO - Token value: Token not available!
2022-08-15 12:55:08,858 - __main__ - INFO - Weather in Chicago: 24.79
<<<<<<< HEAD
2022-08-15 16:00:36,829 - __main__ - INFO - Token value: Token not available!
2022-08-15 16:00:37,235 - __main__ - INFO - Weather in Chicago: 75.47
=======
2022-08-15 18:39:33,258 - __main__ - INFO - Token value: 3.14159
2022-08-15 18:39:34,132 - __main__ - INFO - Weather in Chicago: 24.79
2022-08-15 19:23:40,726 - __main__ - INFO - Token value: 3.14159
2022-08-15 19:23:41,326 - __main__ - INFO - Weather in Chicago: 24.86
2022-08-15 20:29:52,003 - __main__ - INFO - Token value: 3.14159
2022-08-15 20:29:52,115 - __main__ - INFO - Weather in Chicago: 24.56
>>>>>>> 
2022-08-15 21:27:29,255 - __main__ - INFO - Token value: 3.14159
2022-08-15 21:27:29,745 - __main__ - INFO - Weather in Chicago: 75.22
2022-08-15 22:30:20,174 - __main__ - INFO - Token value: 3.14159
2022-08-15 22:30:20,774 - __main__ - INFO - Weather in Chicago: 73.98
2022-08-15 23:28:43,186 - __main__ - INFO - Token value: 3.14159
2022-08-15 23:28:44,199 - __main__ - INFO - Weather in Chicago: 73.98
2022-08-16 02:38:17,833 - __main__ - INFO - Token value: 3.14159
2022-08-16 02:38:18,303 - __main__ - INFO - Weather in Chicago: 68.65
2022-08-16 04:08:47,903 - __main__ - INFO - Token value: 3.14159
2022-08-16 04:08:48,058 - __main__ - INFO - Weather in Chicago: 67.62
2022-08-16 04:51:14,674 - __main__ - INFO - Token value: 3.14159
2022-08-16 04:51:15,134 - __main__ - INFO - Weather in Chicago: 67.62
2022-08-16 05:27:37,899 - __main__ - INFO - Token value: 3.14159
2022-08-16 05:27:38,468 - __main__ - INFO - Weather in Chicago: 66.76
2022-08-16 06:36:04,937 - __main__ - INFO - Token value: 3.14159
2022-08-16 06:36:05,229 - __main__ - INFO - Weather in Chicago: 65.73
2022-08-16 07:22:40,804 - __main__ - INFO - Token value: 3.14159
2022-08-16 07:22:40,979 - __main__ - INFO - Weather in Chicago: 65.28
2022-08-16 08:29:52,849 - __main__ - INFO - Token value: 3.14159
2022-08-16 08:29:53,533 - __main__ - INFO - Weather in Chicago: 64.65
2022-08-16 09:24:39,494 - __main__ - INFO - Token value: 3.14159
2022-08-16 09:24:39,852 - __main__ - INFO - Weather in Chicago: 64.65
2022-08-16 10:30:12,767 - __main__ - INFO - Token value: 3.14159
2022-08-16 10:30:13,208 - __main__ - INFO - Weather in Chicago: 63.95
2022-08-16 11:22:36,129 - __main__ - INFO - Token value: 3.14159
2022-08-16 11:22:36,696 - __main__ - INFO - Weather in Chicago: 63.46
2022-08-16 12:51:38,650 - __main__ - INFO - Token value: 3.14159
2022-08-16 12:51:38,810 - __main__ - INFO - Weather in Chicago: 67.75
2022-08-16 13:37:19,676 - __main__ - INFO - Token value: 3.14159
2022-08-16 13:37:19,844 - __main__ - INFO - Weather in Chicago: 72.0
2022-08-16 14:26:49,769 - __main__ - INFO - Token value: 3.14159
2022-08-16 14:26:50,337 - __main__ - INFO - Weather in Chicago: 72.0
2022-08-16 15:33:23,204 - __main__ - INFO - Token value: 3.14159
2022-08-16 15:33:23,747 - __main__ - INFO - Weather in Chicago: 76.21
2022-08-16 16:43:12,029 - __main__ - INFO - Token value: 3.14159
2022-08-16 16:43:12,309 - __main__ - INFO - Weather in Chicago: 77.18
2022-08-16 17:32:44,824 - __main__ - INFO - Token value: 3.14159
2022-08-16 17:32:45,012 - __main__ - INFO - Weather in Chicago: 78.04
2022-08-16 18:37:52,778 - __main__ - INFO - Token value: 3.14159
2022-08-16 18:37:53,289 - __main__ - INFO - Weather in Chicago: 79.3
2022-08-16 19:22:58,135 - __main__ - INFO - Token value: 3.14159
2022-08-16 19:22:58,336 - __main__ - INFO - Weather in Chicago: 79.23
2022-08-16 20:28:48,760 - __main__ - INFO - Token value: 3.14159
2022-08-16 20:28:48,883 - __main__ - INFO - Weather in Chicago: 79.16
2022-08-16 21:27:12,552 - __main__ - INFO - Token value: 3.14159
2022-08-16 21:27:12,688 - __main__ - INFO - Weather in Chicago: 78.76
2022-08-16 22:29:42,432 - __main__ - INFO - Token value: 3.14159
2022-08-16 22:29:42,771 - __main__ - INFO - Weather in Chicago: 77.11
2022-08-16 23:27:21,382 - __main__ - INFO - Token value: 3.14159
2022-08-16 23:27:21,945 - __main__ - INFO - Weather in Chicago: 75.63
2022-08-17 02:46:52,211 - __main__ - INFO - Token value: 3.14159
2022-08-17 02:46:52,637 - __main__ - INFO - Weather in Chicago: 68.65
2022-08-17 04:41:21,567 - __main__ - INFO - Token value: 3.14159
2022-08-17 04:41:22,191 - __main__ - INFO - Weather in Chicago: 66.13
2022-08-17 05:46:55,325 - __main__ - INFO - Token value: 3.14159
2022-08-17 05:46:55,779 - __main__ - INFO - Weather in Chicago: 64.87
2022-08-17 06:39:18,089 - __main__ - INFO - Token value: 3.14159
2022-08-17 06:39:18,229 - __main__ - INFO - Weather in Chicago: 63.95
2022-08-17 07:26:49,734 - __main__ - INFO - Token value: 3.14159
2022-08-17 07:26:50,159 - __main__ - INFO - Weather in Chicago: 63.23
2022-08-17 08:35:13,797 - __main__ - INFO - Token value: 3.14159
2022-08-17 08:35:13,988 - __main__ - INFO - Weather in Chicago: 62.91
2022-08-17 09:30:15,077 - __main__ - INFO - Token value: 3.14159
2022-08-17 09:30:15,918 - __main__ - INFO - Weather in Chicago: 62.91
2022-08-17 10:32:15,203 - __main__ - INFO - Token value: 3.14159
2022-08-17 10:32:16,167 - __main__ - INFO - Weather in Chicago: 61.48
2022-08-17 11:25:54,017 - __main__ - INFO - Token value: 3.14159
2022-08-17 11:25:54,134 - __main__ - INFO - Weather in Chicago: 61.48
2022-08-17 13:02:23,827 - __main__ - INFO - Token value: 3.14159
2022-08-17 13:02:23,928 - __main__ - INFO - Weather in Chicago: 67.39
2022-08-17 13:56:56,316 - __main__ - INFO - Token value: 3.14159
2022-08-17 13:56:56,895 - __main__ - INFO - Weather in Chicago: 67.39
2022-08-17 14:31:49,202 - __main__ - INFO - Token value: 3.14159
2022-08-17 14:31:49,388 - __main__ - INFO - Weather in Chicago: 74.12
2022-08-17 15:33:36,553 - __main__ - INFO - Token value: 3.14159
2022-08-17 15:33:36,812 - __main__ - INFO - Weather in Chicago: 77.18
2022-08-17 16:48:21,047 - __main__ - INFO - Token value: 3.14159
2022-08-17 16:48:21,633 - __main__ - INFO - Weather in Chicago: 78.98
2022-08-17 17:35:12,379 - __main__ - INFO - Token value: 3.14159
2022-08-17 17:35:12,996 - __main__ - INFO - Weather in Chicago: 79.29
2022-08-17 18:35:37,331 - __main__ - INFO - Token value: 3.14159
2022-08-17 18:35:37,497 - __main__ - INFO - Weather in Chicago: 79.83
2022-08-17 19:23:07,267 - __main__ - INFO - Token value: 3.14159
2022-08-17 19:23:07,657 - __main__ - INFO - Weather in Chicago: 80.29
2022-08-17 20:29:52,350 - __main__ - INFO - Token value: 3.14159
2022-08-17 20:29:52,864 - __main__ - INFO - Weather in Chicago: 79.9
2022-08-17 21:28:10,058 - __main__ - INFO - Token value: 3.14159
2022-08-17 21:28:10,281 - __main__ - INFO - Weather in Chicago: 79.9
2022-08-17 22:28:08,959 - __main__ - INFO - Token value: 3.14159
2022-08-17 22:28:09,194 - __main__ - INFO - Weather in Chicago: 78.24
2022-08-17 23:29:05,008 - __main__ - INFO - Token value: 3.14159
2022-08-17 23:29:05,125 - __main__ - INFO - Weather in Chicago: 76.71
2022-08-18 02:48:00,079 - __main__ - INFO - Token value: 3.14159
2022-08-18 02:48:00,615 - __main__ - INFO - Weather in Chicago: 68.77
2022-08-18 04:36:36,927 - __main__ - INFO - Token value: 3.14159
2022-08-18 04:36:37,339 - __main__ - INFO - Weather in Chicago: 65.95
2022-08-18 05:42:25,820 - __main__ - INFO - Token value: 3.14159
2022-08-18 05:42:26,473 - __main__ - INFO - Weather in Chicago: 63.9
2022-08-18 06:37:34,682 - __main__ - INFO - Token value: 3.14159
2022-08-18 06:37:34,855 - __main__ - INFO - Weather in Chicago: 62.78
2022-08-18 07:27:16,974 - __main__ - INFO - Token value: 3.14159
2022-08-18 07:27:17,596 - __main__ - INFO - Weather in Chicago: 62.33
2022-08-18 08:34:02,518 - __main__ - INFO - Token value: 3.14159
2022-08-18 08:34:03,196 - __main__ - INFO - Weather in Chicago: 61.45
2022-08-18 09:29:30,830 - __main__ - INFO - Token value: 3.14159
2022-08-18 09:29:31,367 - __main__ - INFO - Weather in Chicago: 61.16
2022-08-18 10:33:37,949 - __main__ - INFO - Token value: 3.14159
2022-08-18 10:33:38,422 - __main__ - INFO - Weather in Chicago: 60.24
2022-08-18 11:25:44,051 - __main__ - INFO - Token value: 3.14159
2022-08-18 11:25:44,237 - __main__ - INFO - Weather in Chicago: 60.04
2022-08-18 13:01:12,534 - __main__ - INFO - Token value: 3.14159
2022-08-18 13:01:12,778 - __main__ - INFO - Weather in Chicago: 65.8
2022-08-18 13:51:23,219 - __main__ - INFO - Token value: 3.14159
2022-08-18 13:51:23,349 - __main__ - INFO - Weather in Chicago: 65.8
2022-08-18 14:31:55,693 - __main__ - INFO - Token value: 3.14159
2022-08-18 14:31:56,154 - __main__ - INFO - Weather in Chicago: 73.38
2022-08-18 15:46:21,644 - __main__ - INFO - Token value: 3.14159
2022-08-18 15:46:22,308 - __main__ - INFO - Weather in Chicago: 78.06
2022-08-18 17:44:48,126 - __main__ - INFO - Token value: 3.14159
2022-08-18 17:44:48,577 - __main__ - INFO - Weather in Chicago: 81.5
2022-08-18 18:34:51,197 - __main__ - INFO - Token value: 3.14159
2022-08-18 18:34:51,279 - __main__ - INFO - Weather in Chicago: 81.5
2022-08-18 19:23:48,275 - __main__ - INFO - Token value: 3.14159
2022-08-18 19:23:48,944 - __main__ - INFO - Weather in Chicago: 81.97
2022-08-18 20:32:00,947 - __main__ - INFO - Token value: 3.14159
2022-08-18 20:32:01,377 - __main__ - INFO - Weather in Chicago: 81.12
2022-08-18 21:26:39,824 - __main__ - INFO - Token value: 3.14159
2022-08-18 21:26:39,981 - __main__ - INFO - Weather in Chicago: 81.59
2022-08-18 22:29:27,940 - __main__ - INFO - Token value: 3.14159
2022-08-18 22:29:28,370 - __main__ - INFO - Weather in Chicago: 81.54
2022-08-18 23:28:59,356 - __main__ - INFO - Token value: 3.14159
2022-08-18 23:28:59,972 - __main__ - INFO - Weather in Chicago: 80.92
2022-08-19 02:42:02,751 - __main__ - INFO - Token value: 3.14159
2022-08-19 02:42:03,260 - __main__ - INFO - Weather in Chicago: 74.21
2022-08-19 04:14:38,722 - __main__ - INFO - Token value: 3.14159
2022-08-19 04:14:39,199 - __main__ - INFO - Weather in Chicago: 71.62
2022-08-19 05:01:48,532 - __main__ - INFO - Token value: 3.14159
2022-08-19 05:01:48,625 - __main__ - INFO - Weather in Chicago: 71.62
2022-08-19 05:36:49,160 - __main__ - INFO - Token value: 3.14159
2022-08-19 05:36:49,311 - __main__ - INFO - Weather in Chicago: 70.11
2022-08-19 06:38:25,080 - __main__ - INFO - Token value: 3.14159
2022-08-19 06:38:25,352 - __main__ - INFO - Weather in Chicago: 69.21
2022-08-19 07:28:43,501 - __main__ - INFO - Token value: 3.14159
2022-08-19 07:28:44,126 - __main__ - INFO - Weather in Chicago: 69.21
2022-08-19 08:36:03,939 - __main__ - INFO - Token value: 3.14159
2022-08-19 08:36:04,704 - __main__ - INFO - Weather in Chicago: 67.08
2022-08-19 09:29:31,442 - __main__ - INFO - Token value: 3.14159
2022-08-19 09:29:32,258 - __main__ - INFO - Weather in Chicago: 67.08
2022-08-19 10:34:28,256 - __main__ - INFO - Token value: 3.14159
2022-08-19 10:34:28,857 - __main__ - INFO - Weather in Chicago: 67.23
2022-08-19 11:25:59,191 - __main__ - INFO - Token value: 3.14159
2022-08-19 11:25:59,417 - __main__ - INFO - Weather in Chicago: 67.23
2022-08-19 12:53:53,566 - __main__ - INFO - Token value: 3.14159
2022-08-19 12:53:54,249 - __main__ - INFO - Weather in Chicago: 69.89
2022-08-19 13:48:55,288 - __main__ - INFO - Token value: 3.14159
2022-08-19 13:48:55,993 - __main__ - INFO - Weather in Chicago: 73.98
2022-08-19 14:27:48,939 - __main__ - INFO - Token value: 3.14159
2022-08-19 14:27:49,109 - __main__ - INFO - Weather in Chicago: 73.98
2022-08-19 15:35:15,780 - __main__ - INFO - Token value: 3.14159
2022-08-19 15:35:16,611 - __main__ - INFO - Weather in Chicago: 79.74
2022-08-19 16:46:56,695 - __main__ - INFO - Token value: 3.14159
2022-08-19 16:46:57,122 - __main__ - INFO - Weather in Chicago: 81.7
2022-08-19 17:35:19,295 - __main__ - INFO - Token value: 3.14159
2022-08-19 17:35:19,907 - __main__ - INFO - Weather in Chicago: 82.85
2022-08-19 18:38:30,683 - __main__ - INFO - Token value: 3.14159
2022-08-19 18:38:30,806 - __main__ - INFO - Weather in Chicago: 83.98
2022-08-19 19:23:17,102 - __main__ - INFO - Token value: 3.14159
2022-08-19 19:23:17,669 - __main__ - INFO - Weather in Chicago: 83.98
2022-08-19 20:30:29,570 - __main__ - INFO - Token value: 3.14159
2022-08-19 20:30:30,749 - __main__ - INFO - Weather in Chicago: 84.38
2022-08-19 21:26:38,314 - __main__ - INFO - Token value: 3.14159
2022-08-19 21:26:39,484 - __main__ - INFO - Weather in Chicago: 84.38
2022-08-19 22:30:44,055 - __main__ - INFO - Token value: 3.14159
2022-08-19 22:30:44,694 - __main__ - INFO - Weather in Chicago: 83.03
2022-08-19 23:28:17,108 - __main__ - INFO - Token value: 3.14159
2022-08-19 23:28:17,226 - __main__ - INFO - Weather in Chicago: 82.08
2022-08-20 02:36:20,579 - __main__ - INFO - Token value: 3.14159
2022-08-20 02:36:21,024 - __main__ - INFO - Weather in Chicago: 78.42
2022-08-20 04:01:07,572 - __main__ - INFO - Token value: 3.14159
2022-08-20 04:01:07,762 - __main__ - INFO - Weather in Chicago: 76.68
2022-08-20 04:46:13,773 - __main__ - INFO - Token value: 3.14159
2022-08-20 04:46:13,864 - __main__ - INFO - Weather in Chicago: 76.68
2022-08-20 05:28:50,880 - __main__ - INFO - Token value: 3.14159
2022-08-20 05:28:51,400 - __main__ - INFO - Weather in Chicago: 75.9
2022-08-20 06:34:21,111 - __main__ - INFO - Token value: 3.14159
2022-08-20 06:34:21,830 - __main__ - INFO - Weather in Chicago: 74.82
2022-08-20 07:26:14,250 - __main__ - INFO - Token value: 3.14159
2022-08-20 07:26:14,926 - __main__ - INFO - Weather in Chicago: 71.47
2022-08-20 08:34:34,648 - __main__ - INFO - Token value: 3.14159
2022-08-20 08:34:34,765 - __main__ - INFO - Weather in Chicago: 66.18
2022-08-20 09:27:35,465 - __main__ - INFO - Token value: 3.14159
2022-08-20 09:27:35,947 - __main__ - INFO - Weather in Chicago: 66.18
2022-08-20 10:30:35,337 - __main__ - INFO - Token value: 3.14159
2022-08-20 10:30:35,925 - __main__ - INFO - Weather in Chicago: 64.99
2022-08-20 11:24:48,048 - __main__ - INFO - Token value: 3.14159
2022-08-20 11:24:48,653 - __main__ - INFO - Weather in Chicago: 65.05
2022-08-20 12:48:34,261 - __main__ - INFO - Token value: 3.14159
2022-08-20 12:48:34,884 - __main__ - INFO - Weather in Chicago: 65.39
2022-08-20 13:35:31,057 - __main__ - INFO - Token value: 3.14159
2022-08-20 13:35:31,399 - __main__ - INFO - Weather in Chicago: 66.24
2022-08-20 14:25:36,332 - __main__ - INFO - Token value: 3.14159
2022-08-20 14:25:36,622 - __main__ - INFO - Weather in Chicago: 68.67
2022-08-20 15:30:01,483 - __main__ - INFO - Token value: 3.14159
2022-08-20 15:30:01,760 - __main__ - INFO - Weather in Chicago: 71.08
2022-08-20 16:39:46,067 - __main__ - INFO - Token value: 3.14159
2022-08-20 16:39:46,221 - __main__ - INFO - Weather in Chicago: 70.66
2022-08-20 17:28:37,534 - __main__ - INFO - Token value: 3.14159
2022-08-20 17:28:37,758 - __main__ - INFO - Weather in Chicago: 71.6
2022-08-20 18:33:31,029 - __main__ - INFO - Token value: 3.14159
2022-08-20 18:33:31,152 - __main__ - INFO - Weather in Chicago: 70.2
2022-08-20 19:22:32,308 - __main__ - INFO - Token value: 3.14159
2022-08-20 19:22:32,818 - __main__ - INFO - Weather in Chicago: 71.87
2022-08-20 20:29:18,511 - __main__ - INFO - Token value: 3.14159
2022-08-20 20:29:19,112 - __main__ - INFO - Weather in Chicago: 72.66
2022-08-20 21:28:24,662 - __main__ - INFO - Token value: 3.14159
2022-08-20 21:28:24,790 - __main__ - INFO - Weather in Chicago: 72.72
2022-08-20 22:27:58,229 - __main__ - INFO - Token value: 3.14159
2022-08-20 22:27:58,742 - __main__ - INFO - Weather in Chicago: 73.99
2022-08-20 23:27:27,862 - __main__ - INFO - Token value: 3.14159
2022-08-20 23:27:28,726 - __main__ - INFO - Weather in Chicago: 74.37
2022-08-21 02:37:54,799 - __main__ - INFO - Token value: 3.14159
2022-08-21 02:37:55,677 - __main__ - INFO - Weather in Chicago: 70.32
2022-08-21 04:03:02,911 - __main__ - INFO - Token value: 3.14159
2022-08-21 04:03:03,342 - __main__ - INFO - Weather in Chicago: 69.13
2022-08-21 04:46:52,923 - __main__ - INFO - Token value: 3.14159
2022-08-21 04:46:53,456 - __main__ - INFO - Weather in Chicago: 68.61
2022-08-21 05:28:58,000 - __main__ - INFO - Token value: 3.14159
2022-08-21 05:28:58,160 - __main__ - INFO - Weather in Chicago: 68.32
2022-08-21 06:34:42,571 - __main__ - INFO - Token value: 3.14159
2022-08-21 06:34:42,910 - __main__ - INFO - Weather in Chicago: 67.75
2022-08-21 07:26:13,862 - __main__ - INFO - Token value: 3.14159
2022-08-21 07:26:14,072 - __main__ - INFO - Weather in Chicago: 67.75
2022-08-21 08:33:00,089 - __main__ - INFO - Token value: 3.14159
2022-08-21 08:33:00,455 - __main__ - INFO - Weather in Chicago: 67.53
2022-08-21 09:27:42,329 - __main__ - INFO - Token value: 3.14159
2022-08-21 09:27:43,165 - __main__ - INFO - Weather in Chicago: 67.53
2022-08-21 10:30:34,262 - __main__ - INFO - Token value: 3.14159
2022-08-21 10:30:34,712 - __main__ - INFO - Weather in Chicago: 66.78
2022-08-21 11:24:54,050 - __main__ - INFO - Token value: 3.14159
2022-08-21 11:24:54,169 - __main__ - INFO - Weather in Chicago: 67.05
2022-08-21 12:48:28,472 - __main__ - INFO - Token value: 3.14159
2022-08-21 12:48:29,189 - __main__ - INFO - Weather in Chicago: 67.69
2022-08-21 13:36:01,234 - __main__ - INFO - Token value: 3.14159
2022-08-21 13:36:01,327 - __main__ - INFO - Weather in Chicago: 67.69
2022-08-21 14:25:21,593 - __main__ - INFO - Token value: 3.14159
2022-08-21 14:25:21,724 - __main__ - INFO - Weather in Chicago: 69.91
2022-08-21 15:29:38,676 - __main__ - INFO - Token value: 3.14159
2022-08-21 15:29:39,124 - __main__ - INFO - Weather in Chicago: 71.87
2022-08-21 16:40:49,592 - __main__ - INFO - Token value: 3.14159
2022-08-21 16:40:49,782 - __main__ - INFO - Weather in Chicago: 73.69
2022-08-21 17:28:53,831 - __main__ - INFO - Token value: 3.14159
2022-08-21 17:28:53,983 - __main__ - INFO - Weather in Chicago: 74.35
2022-08-21 18:33:46,471 - __main__ - INFO - Token value: 3.14159
2022-08-21 18:33:47,142 - __main__ - INFO - Weather in Chicago: 76.12
2022-08-21 19:22:45,077 - __main__ - INFO - Token value: 3.14159
2022-08-21 19:22:45,167 - __main__ - INFO - Weather in Chicago: 76.12
2022-08-21 20:29:24,650 - __main__ - INFO - Token value: 3.14159
2022-08-21 20:29:25,230 - __main__ - INFO - Weather in Chicago: 77.2
2022-08-21 21:25:49,800 - __main__ - INFO - Token value: 3.14159
2022-08-21 21:25:49,917 - __main__ - INFO - Weather in Chicago: 76.73
2022-08-21 22:28:10,590 - __main__ - INFO - Token value: 3.14159
2022-08-21 22:28:11,193 - __main__ - INFO - Weather in Chicago: 75.65
2022-08-21 23:27:45,942 - __main__ - INFO - Token value: 3.14159
2022-08-21 23:27:46,119 - __main__ - INFO - Weather in Chicago: 74.35
2022-08-22 02:39:13,192 - __main__ - INFO - Token value: 3.14159
2022-08-22 02:39:13,649 - __main__ - INFO - Weather in Chicago: 69.22
2022-08-22 04:40:35,219 - __main__ - INFO - Token value: 3.14159
2022-08-22 04:40:35,330 - __main__ - INFO - Weather in Chicago: 67.46
2022-08-22 05:49:15,529 - __main__ - INFO - Token value: 3.14159
2022-08-22 05:49:15,672 - __main__ - INFO - Weather in Chicago: 66.38
2022-08-22 06:40:40,014 - __main__ - INFO - Token value: 3.14159
2022-08-22 06:40:40,295 - __main__ - INFO - Weather in Chicago: 66.38
2022-08-22 07:26:58,997 - __main__ - INFO - Token value: 3.14159
2022-08-22 07:26:59,602 - __main__ - INFO - Weather in Chicago: 64.89
2022-08-22 08:36:30,605 - __main__ - INFO - Token value: 3.14159
2022-08-22 08:36:31,206 - __main__ - INFO - Weather in Chicago: 64.4
2022-08-22 09:29:28,399 - __main__ - INFO - Token value: 3.14159
2022-08-22 09:29:29,117 - __main__ - INFO - Weather in Chicago: 63.95
2022-08-22 10:33:10,884 - __main__ - INFO - Token value: 3.14159
2022-08-22 10:33:11,004 - __main__ - INFO - Weather in Chicago: 63.46
2022-08-22 11:25:37,605 - __main__ - INFO - Token value: 3.14159
2022-08-22 11:25:38,168 - __main__ - INFO - Weather in Chicago: 63.46
2022-08-22 12:56:50,837 - __main__ - INFO - Token value: 3.14159
2022-08-22 12:56:51,025 - __main__ - INFO - Weather in Chicago: 66.76
2022-08-22 13:48:56,549 - __main__ - INFO - Token value: 3.14159
2022-08-22 13:48:57,401 - __main__ - INFO - Weather in Chicago: 71.26
2022-08-22 14:25:50,614 - __main__ - INFO - Token value: 3.14159
2022-08-22 14:25:51,192 - __main__ - INFO - Weather in Chicago: 71.26
2022-08-22 15:33:15,394 - __main__ - INFO - Token value: 3.14159
2022-08-22 15:33:15,930 - __main__ - INFO - Weather in Chicago: 76.44
2022-08-22 16:42:18,334 - __main__ - INFO - Token value: 3.14159
2022-08-22 16:42:18,764 - __main__ - INFO - Weather in Chicago: 78.1
2022-08-22 17:30:22,774 - __main__ - INFO - Token value: 3.14159
2022-08-22 17:30:23,235 - __main__ - INFO - Weather in Chicago: 78.91
2022-08-22 18:35:12,932 - __main__ - INFO - Token value: 3.14159
2022-08-22 18:35:14,402 - __main__ - INFO - Weather in Chicago: 79.7
2022-08-22 19:24:47,763 - __main__ - INFO - Token value: 3.14159
2022-08-22 19:24:47,862 - __main__ - INFO - Weather in Chicago: 79.7
2022-08-22 20:29:10,999 - __main__ - INFO - Token value: 3.14159
2022-08-22 20:29:11,747 - __main__ - INFO - Weather in Chicago: 80.38
2022-08-22 21:26:34,706 - __main__ - INFO - Token value: 3.14159
2022-08-22 21:26:35,205 - __main__ - INFO - Weather in Chicago: 79.81
2022-08-22 22:29:34,561 - __main__ - INFO - Token value: 3.14159
2022-08-22 22:29:34,673 - __main__ - INFO - Weather in Chicago: 78.19
2022-08-22 23:28:55,914 - __main__ - INFO - Token value: 3.14159
2022-08-22 23:28:56,477 - __main__ - INFO - Weather in Chicago: 78.19
2022-08-23 02:48:23,553 - __main__ - INFO - Token value: 3.14159
2022-08-23 02:48:23,662 - __main__ - INFO - Weather in Chicago: 68.59
2022-08-23 04:51:43,699 - __main__ - INFO - Token value: 3.14159
2022-08-23 04:51:43,839 - __main__ - INFO - Weather in Chicago: 65.19
2022-08-23 06:00:52,243 - __main__ - INFO - Token value: 3.14159
2022-08-23 06:00:52,935 - __main__ - INFO - Weather in Chicago: 64.09
2022-08-23 06:45:45,247 - __main__ - INFO - Token value: 3.14159
2022-08-23 06:45:45,709 - __main__ - INFO - Weather in Chicago: 64.09
2022-08-23 07:32:02,001 - __main__ - INFO - Token value: 3.14159
2022-08-23 07:32:02,114 - __main__ - INFO - Weather in Chicago: 63.54
2022-08-23 08:34:44,247 - __main__ - INFO - Token value: 3.14159
2022-08-23 08:34:44,862 - __main__ - INFO - Weather in Chicago: 62.82
2022-08-23 09:29:20,262 - __main__ - INFO - Token value: 3.14159
2022-08-23 09:29:21,353 - __main__ - INFO - Weather in Chicago: 62.56
2022-08-23 10:32:03,723 - __main__ - INFO - Token value: 3.14159
2022-08-23 10:32:04,153 - __main__ - INFO - Weather in Chicago: 62.38
2022-08-23 11:25:41,697 - __main__ - INFO - Token value: 3.14159
2022-08-23 11:25:42,081 - __main__ - INFO - Weather in Chicago: 62.01
2022-08-23 12:55:24,286 - __main__ - INFO - Token value: 3.14159
2022-08-23 12:55:24,754 - __main__ - INFO - Weather in Chicago: 66.47
2022-08-23 13:47:50,959 - __main__ - INFO - Token value: 3.14159
2022-08-23 13:47:51,702 - __main__ - INFO - Weather in Chicago: 70.97
2022-08-23 14:27:02,758 - __main__ - INFO - Token value: 3.14159
2022-08-23 14:27:03,327 - __main__ - INFO - Weather in Chicago: 74.01
2022-08-23 15:31:28,260 - __main__ - INFO - Token value: 3.14159
2022-08-23 15:31:29,032 - __main__ - INFO - Weather in Chicago: 77.61
2022-08-23 16:43:33,720 - __main__ - INFO - Token value: 3.14159
2022-08-23 16:43:33,880 - __main__ - INFO - Weather in Chicago: 80.22
2022-08-23 17:31:36,179 - __main__ - INFO - Token value: 3.14159
2022-08-23 17:31:36,703 - __main__ - INFO - Weather in Chicago: 81.03
2022-08-23 18:35:02,677 - __main__ - INFO - Token value: 3.14159
2022-08-23 18:35:03,217 - __main__ - INFO - Weather in Chicago: 82.02
2022-08-23 19:23:40,979 - __main__ - INFO - Token value: 3.14159
2022-08-23 19:23:41,570 - __main__ - INFO - Weather in Chicago: 82.45
2022-08-23 20:29:40,172 - __main__ - INFO - Token value: 3.14159
2022-08-23 20:29:40,291 - __main__ - INFO - Weather in Chicago: 82.54
2022-08-23 21:26:44,408 - __main__ - INFO - Token value: 3.14159
2022-08-23 21:26:44,533 - __main__ - INFO - Weather in Chicago: 82.54
2022-08-23 22:28:49,318 - __main__ - INFO - Token value: 3.14159
2022-08-23 22:28:49,855 - __main__ - INFO - Weather in Chicago: 82.02
2022-08-23 23:29:06,659 - __main__ - INFO - Token value: 3.14159
2022-08-23 23:29:06,859 - __main__ - INFO - Weather in Chicago: 79.95
2022-08-24 02:44:23,970 - __main__ - INFO - Token value: 3.14159
2022-08-24 02:44:24,807 - __main__ - INFO - Weather in Chicago: 72.19
2022-08-24 04:42:34,524 - __main__ - INFO - Token value: 3.14159
2022-08-24 04:42:34,869 - __main__ - INFO - Weather in Chicago: 68.92
2022-08-24 05:50:29,838 - __main__ - INFO - Token value: 3.14159
2022-08-24 05:50:30,117 - __main__ - INFO - Weather in Chicago: 68.07
2022-08-24 06:38:33,515 - __main__ - INFO - Token value: 3.14159
2022-08-24 06:38:34,098 - __main__ - INFO - Weather in Chicago: 68.07
2022-08-24 07:27:12,375 - __main__ - INFO - Token value: 3.14159
2022-08-24 07:27:12,488 - __main__ - INFO - Weather in Chicago: 65.98
2022-08-24 08:35:13,066 - __main__ - INFO - Token value: 3.14159
2022-08-24 08:35:13,904 - __main__ - INFO - Weather in Chicago: 66.22
2022-08-24 09:28:50,444 - __main__ - INFO - Token value: 3.14159
2022-08-24 09:28:50,866 - __main__ - INFO - Weather in Chicago: 66.22
2022-08-24 10:33:34,296 - __main__ - INFO - Token value: 3.14159
2022-08-24 10:33:35,010 - __main__ - INFO - Weather in Chicago: 64.49
2022-08-24 11:26:10,048 - __main__ - INFO - Token value: 3.14159
2022-08-24 11:26:10,492 - __main__ - INFO - Weather in Chicago: 64.49
2022-08-24 12:55:40,620 - __main__ - INFO - Token value: 3.14159
2022-08-24 12:55:40,755 - __main__ - INFO - Weather in Chicago: 69.13
2022-08-24 13:45:58,771 - __main__ - INFO - Token value: 3.14159
2022-08-24 13:45:58,882 - __main__ - INFO - Weather in Chicago: 73.76
2022-08-24 14:27:31,874 - __main__ - INFO - Token value: 3.14159
2022-08-24 14:27:32,374 - __main__ - INFO - Weather in Chicago: 73.76
2022-08-24 15:32:00,536 - __main__ - INFO - Token value: 3.14159
2022-08-24 15:32:01,193 - __main__ - INFO - Weather in Chicago: 80.47
2022-08-24 16:41:58,911 - __main__ - INFO - Token value: 3.14159
2022-08-24 16:41:59,458 - __main__ - INFO - Weather in Chicago: 82.2
2022-08-24 17:29:11,000 - __main__ - INFO - Token value: 3.14159
2022-08-24 17:29:11,197 - __main__ - INFO - Weather in Chicago: 82.45
2022-08-24 18:44:42,914 - __main__ - INFO - Token value: 3.14159
2022-08-24 18:44:43,026 - __main__ - INFO - Weather in Chicago: 83.3
2022-08-24 19:24:45,877 - __main__ - INFO - Token value: 3.14159
2022-08-24 19:24:45,953 - __main__ - INFO - Weather in Chicago: 83.3
2022-08-24 20:30:03,906 - __main__ - INFO - Token value: 3.14159
2022-08-24 20:30:04,664 - __main__ - INFO - Weather in Chicago: 83.84
2022-08-24 21:26:34,677 - __main__ - INFO - Token value: 3.14159
2022-08-24 21:26:34,845 - __main__ - INFO - Weather in Chicago: 83.37
2022-08-24 22:29:31,182 - __main__ - INFO - Token value: 3.14159
2022-08-24 22:29:31,639 - __main__ - INFO - Weather in Chicago: 82.69
2022-08-24 23:30:10,767 - __main__ - INFO - Token value: 3.14159
2022-08-24 23:30:11,233 - __main__ - INFO - Weather in Chicago: 81.39
2022-08-25 02:48:36,775 - __main__ - INFO - Token value: 3.14159
2022-08-25 02:48:36,939 - __main__ - INFO - Weather in Chicago: 72.95
2022-08-25 04:51:03,351 - __main__ - INFO - Token value: 3.14159
2022-08-25 04:51:03,470 - __main__ - INFO - Weather in Chicago: 70.36
2022-08-25 06:01:05,096 - __main__ - INFO - Token value: 3.14159
2022-08-25 06:01:05,697 - __main__ - INFO - Weather in Chicago: 68.9
2022-08-25 06:48:45,194 - __main__ - INFO - Token value: 3.14159
2022-08-25 06:48:45,353 - __main__ - INFO - Weather in Chicago: 68.7
2022-08-25 07:32:08,113 - __main__ - INFO - Token value: 3.14159
2022-08-25 07:32:08,262 - __main__ - INFO - Weather in Chicago: 68.65
2022-08-25 08:36:35,314 - __main__ - INFO - Token value: 3.14159
2022-08-25 08:36:35,848 - __main__ - INFO - Weather in Chicago: 67.84
2022-08-25 09:29:41,185 - __main__ - INFO - Token value: 3.14159
2022-08-25 09:29:41,767 - __main__ - INFO - Weather in Chicago: 67.37
2022-08-25 10:33:53,252 - __main__ - INFO - Token value: 3.14159
2022-08-25 10:33:53,422 - __main__ - INFO - Weather in Chicago: 67.42
2022-08-25 11:27:17,418 - __main__ - INFO - Token value: 3.14159
2022-08-25 11:27:18,033 - __main__ - INFO - Weather in Chicago: 67.42
2022-08-25 12:55:47,472 - __main__ - INFO - Token value: 3.14159
2022-08-25 12:55:47,875 - __main__ - INFO - Weather in Chicago: 66.09
2022-08-25 13:50:50,871 - __main__ - INFO - Token value: 3.14159
2022-08-25 13:50:51,338 - __main__ - INFO - Weather in Chicago: 66.09
2022-08-25 14:27:39,179 - __main__ - INFO - Token value: 3.14159
2022-08-25 14:27:39,410 - __main__ - INFO - Weather in Chicago: 67.12
2022-08-25 15:31:36,814 - __main__ - INFO - Token value: 3.14159
2022-08-25 15:31:37,184 - __main__ - INFO - Weather in Chicago: 69.26
2022-08-25 16:44:13,522 - __main__ - INFO - Token value: 3.14159
2022-08-25 16:44:13,712 - __main__ - INFO - Weather in Chicago: 74.48
2022-08-25 17:31:12,886 - __main__ - INFO - Token value: 3.14159
2022-08-25 17:31:13,079 - __main__ - INFO - Weather in Chicago: 75.72
2022-08-25 18:34:56,086 - __main__ - INFO - Token value: 3.14159
2022-08-25 18:34:56,757 - __main__ - INFO - Weather in Chicago: 75.74
